<?xml version="1.0" encoding="utf-8"?><testsuites name="pytest tests"><testsuite name="pytest" errors="0" failures="0" skipped="0" tests="4" time="79.521" timestamp="2026-08-22T04:06:30.514993+00:00" hostname="agent-env-d1a2090e-82eb-45e4-a6b9-155c43ca5443"><testcase classname="tests.test_distinction_evaluate" name="test_distinction_asks_for_ambiguous_resignation_text" time="24.565" /><testcase classname="tests.test_distinction_evaluate" name="test_distinction_stops_for_clear_gratitude_text" time="19.262" /><testcase classname="tests.test_distinction_evaluate" name="test_distinction_empty_text_returns_400" time="0.044" /><testcase classname="tests.test_distinction_evaluate" name="test_evaluate_returns_refined_interpretation_and_grounding" time="35.098" /></testsuite></testsuites>