<?xml version="1.0" encoding="utf-8"?><testsuites name="pytest tests"><testsuite name="pytest" errors="0" failures="0" skipped="0" tests="8" time="22.360" timestamp="2026-08-25T22:27:47.739366+00:00" hostname="agent-env-d1a2090e-82eb-45e4-a6b9-155c43ca5443"><testcase classname="tests.test_health_and_regression" name="test_health_localhost" time="0.004" /><testcase classname="tests.test_health_and_regression" name="test_health_external" time="0.604" /><testcase classname="tests.test_health_and_regression" name="test_api_root" time="0.301" /><testcase classname="tests.test_health_and_regression" name="test_patterns" time="0.168" /><testcase classname="tests.test_health_and_regression" name="test_pattern_room_analysis" time="0.169" /><testcase classname="tests.test_health_and_regression" name="test_pattern_room_signals" time="0.133" /><testcase classname="tests.test_health_and_regression" name="test_action_board" time="0.161" /><testcase classname="tests.test_health_and_regression" name="test_interpret_turkish" time="20.499" /></testsuite></testsuites>