<?xml version="1.0" encoding="utf-8"?><testsuites name="pytest tests"><testsuite name="pytest" errors="0" failures="0" skipped="0" tests="6" time="152.444" timestamp="2026-08-25T22:49:52.747203+00:00" hostname="agent-env-d1a2090e-82eb-45e4-a6b9-155c43ca5443"><testcase classname="tests.test_iter7_extras" name="test_interpret_gibberish_fallback_ftype_defaults" time="10.986" /><testcase classname="tests.test_iter7_extras" name="test_interpret_empty_text" time="15.494" /><testcase classname="tests.test_iter7_extras" name="test_distinction" time="21.761" /><testcase classname="tests.test_iter7_extras" name="test_evaluate" time="57.829" /><testcase classname="tests.test_iter7_extras" name="test_add_signals_appends" time="45.699" /><testcase classname="tests.test_iter7_extras" name="test_action_board_create_and_patch" time="0.341" /></testsuite></testsuites>