<?xml version="1.0" encoding="utf-8"?><testsuites name="pytest tests"><testsuite name="pytest" errors="0" failures="0" skipped="0" tests="8" time="18.886" timestamp="2026-08-25T22:47:27.310088+00:00" hostname="agent-env-d1a2090e-82eb-45e4-a6b9-155c43ca5443"><testcase classname="tests.test_health_and_regression" name="test_health_localhost" time="0.003" /><testcase classname="tests.test_health_and_regression" name="test_health_external" time="0.362" /><testcase classname="tests.test_health_and_regression" name="test_api_root" time="0.182" /><testcase classname="tests.test_health_and_regression" name="test_patterns" time="0.253" /><testcase classname="tests.test_health_and_regression" name="test_pattern_room_analysis" time="0.153" /><testcase classname="tests.test_health_and_regression" name="test_pattern_room_signals" time="0.121" /><testcase classname="tests.test_health_and_regression" name="test_action_board" time="0.211" /><testcase classname="tests.test_health_and_regression" name="test_interpret_turkish" time="17.269" /></testsuite></testsuites>