<?xml version="1.0" encoding="utf-8"?><testsuites name="pytest tests"><testsuite name="pytest" errors="0" failures="0" skipped="1" tests="9" time="157.022" timestamp="2026-08-25T21:13:00.410749+00:00" hostname="agent-env-d1a2090e-82eb-45e4-a6b9-155c43ca5443"><testcase classname="tests.test_pattern_room" name="test_signals_returns_24_turkish" time="10.274" /><testcase classname="tests.test_pattern_room" name="test_analysis_curated_schema" time="0.177" /><testcase classname="tests.test_pattern_room" name="test_top_rank1_is_decision_ownership_bottleneck" time="0.092" /><testcase classname="tests.test_pattern_room" name="test_estimated_cost_qualitative_no_money" time="0.082" /><testcase classname="tests.test_pattern_room" name="test_post_analyze_returns_valid" time="60.072"><skipped type="pytest.skip" message="Cloudflare 502 on /analyze (endpoint has no wall-clock timeout / fallback guard)">/app/backend/tests/test_pattern_room.py:110: Cloudflare 502 on /analyze (endpoint has no wall-clock timeout / fallback guard)</skipped></testcase><testcase classname="tests.test_pattern_room" name="test_regression_get_patterns" time="0.167" /><testcase classname="tests.test_pattern_room" name="test_regression_interpret" time="20.290" /><testcase classname="tests.test_pattern_room" name="test_regression_distinction" time="27.663" /><testcase classname="tests.test_pattern_room" name="test_regression_evaluate" time="37.880" /></testsuite></testsuites>