<?xml version="1.0" encoding="utf-8"?><testsuites name="pytest tests"><testsuite name="pytest" errors="0" failures="0" skipped="0" tests="11" time="47.665" timestamp="2026-08-25T21:42:10.305050+00:00" hostname="agent-env-d1a2090e-82eb-45e4-a6b9-155c43ca5443"><testcase classname="tests.test_pattern_room_v2" name="test_signals_returns_pool" time="0.300" /><testcase classname="tests.test_pattern_room_v2" name="test_add_signals_empty_returns_400" time="0.065" /><testcase classname="tests.test_pattern_room_v2" name="test_add_signals_blank_returns_400" time="0.066" /><testcase classname="tests.test_pattern_room_v2" name="test_add_signals_appends_and_marks" time="45.136" /><testcase classname="tests.test_pattern_room_v2" name="test_pool_persists_after_add" time="0.069" /><testcase classname="tests.test_pattern_room_v2" name="test_get_analysis_reflects_new_pool" time="0.059" /><testcase classname="tests.test_pattern_room_v2" name="test_action_board_list_contains_created" time="0.119" /><testcase classname="tests.test_pattern_room_v2" name="test_action_board_patch_rejected" time="1.233" /><testcase classname="tests.test_pattern_room_v2" name="test_action_board_patch_unknown_id_404" time="0.065" /><testcase classname="tests.test_pattern_room_v2" name="test_regression_get_patterns" time="0.073" /><testcase classname="tests.test_pattern_room_v2" name="test_regression_get_pattern_room_analysis" time="0.061" /></testsuite></testsuites>