<?xml version="1.0" encoding="utf-8"?><testsuites name="pytest tests"><testsuite name="pytest" errors="0" failures="0" skipped="0" tests="8" time="9.676" timestamp="2026-08-22T02:49:51.321259+00:00" hostname="agent-env-d1a2090e-82eb-45e4-a6b9-155c43ca5443"><testcase classname="tests.backend_test" name="test_health_root" time="0.142" /><testcase classname="tests.backend_test" name="test_interpret_meeting_overload" time="2.805" /><testcase classname="tests.backend_test" name="test_interpret_with_song_returns_song_note" time="2.975" /><testcase classname="tests.backend_test" name="test_interpret_empty_text_returns_400" time="0.053" /><testcase classname="tests.backend_test" name="test_interpret_positive_type" time="2.725" /><testcase classname="tests.backend_test" name="test_patterns_returns_seeded" time="0.063" /><testcase classname="tests.backend_test" name="test_confirm_creates_live_pattern_visible_in_patterns" time="0.240" /><testcase classname="tests.backend_test" name="test_confirm_second_time_increments_frequency" time="0.176" /></testsuite></testsuites>