<?xml version="1.0" encoding="utf-8"?><testsuites name="pytest tests"><testsuite name="pytest" errors="0" failures="0" skipped="0" tests="8" time="75.467" timestamp="2026-08-22T03:32:29.019468+00:00" hostname="agent-env-d1a2090e-82eb-45e4-a6b9-155c43ca5443"><testcase classname="tests.backend_test" name="test_health_root" time="0.275" /><testcase classname="tests.backend_test" name="test_interpret_meeting_overload_full_schema" time="25.370" /><testcase classname="tests.backend_test" name="test_interpret_prevalence_not_found_for_novel_text" time="16.724" /><testcase classname="tests.backend_test" name="test_interpret_empty_text_returns_400" time="0.079" /><testcase classname="tests.backend_test" name="test_interpret_with_song_returns_song_note" time="31.819" /><testcase classname="tests.backend_test" name="test_patterns_returns_5_turkish_seeded" time="0.144" /><testcase classname="tests.backend_test" name="test_confirm_creates_live_pattern_visible_in_patterns" time="0.329" /><testcase classname="tests.backend_test" name="test_confirm_second_time_increments_frequency" time="0.229" /></testsuite></testsuites>